<?xml version="1.0" encoding="UTF-8"?>
<!-- Generated by org.testng.reporters.JUnitReportReporter -->
<testsuite skipped="0" hostname="LAPTOP-R0FI7S9S" name="test.LoginTest" tests="1" failures="0" timestamp="15 Feb 2023 19:52:06 GMT" time="4.626" errors="0">
  <testcase name="validUserShouldBeAbleToLogin" time="4.626" classname="test.LoginTest"/>
</testsuite> <!-- test.LoginTest -->
