<?xml version="1.0" encoding="UTF-8"?>
<!-- Generated by org.testng.reporters.JUnitReportReporter -->
<testsuite skipped="0" hostname="LAPTOP-R0FI7S9S" name="test.AddContactTest" tests="1" failures="0" timestamp="15 Feb 2023 19:52:21 GMT" time="6.197" errors="0">
  <testcase name="userShouldBeAbleToAddCustomer" time="6.197" classname="test.AddContactTest"/>
</testsuite> <!-- test.AddContactTest -->
